C51 COMPILER V9.60.0.0   MAIN                                                              03/19/2022 22:56:54 PAGE 1   


C51 COMPILER V9.60.0.0, COMPILATION OF MODULE MAIN
OBJECT MODULE PLACED IN .\Objects\main.obj
COMPILER INVOKED BY: D:\KEIL\KEIL_MDK\C51\BIN\C51.EXE main.c OPTIMIZE(8,SPEED) BROWSE DEBUG OBJECTEXTEND PRINT(.\Listing
                    -s\main.lst) TABS(2) OBJECT(.\Objects\main.obj)

line level    source

   1          //Êù•Ëá™BÁ´ôMahler-Gobi
   2          #include <REGX52.H>
   3          #include "Delay.h"
   4          #include "Timer0.h"
   5          
   6          //ËúÇÈ∏£Âô®Á´ØÂè£ÂÆö‰πâ
   7          sbit Buzzer=P1^5;
   8          
   9          //Êí≠ÊîæÈÄüÂ∫¶ÔºåÂÄº‰∏∫ÂõõÂàÜÈü≥Á¨¶ÁöÑÊó∂Èïø(ms)
  10          #define SPEED 923
  11          
  12          //Èü≥Á¨¶‰∏éÁ¥¢ÂºïÂØπÂ∫îË°®ÔºåPÔºö‰ºëÊ≠¢Á¨¶ÔºåLÔºö‰ΩéÈü≥ÔºåMÔºö‰∏≠Èü≥ÔºåHÔºöÈ´òÈü≥Ôºå‰∏ãÂàíÁ∫øÔºöÂçáÂçäÈü≥Á
             -¨¶Âè∑#
  13          #define P 0
  14          #define L1  1
  15          #define L1_ 2
  16          #define L2  3
  17          #define L2_ 4
  18          #define L3  5
  19          #define L4  6
  20          #define L4_ 7
  21          #define L5  8
  22          #define L5_ 9
  23          #define L6  10
  24          #define L6_ 11
  25          #define L7  12
  26          #define M1  13
  27          #define M1_ 14
  28          #define M2  15
  29          #define M2_ 16
  30          #define M3  17
  31          #define M4  18
  32          #define M4_ 19
  33          #define M5  20
  34          #define M5_ 21
  35          #define M6  22
  36          #define M6_ 23
  37          #define M7  24
  38          #define H1  25
  39          #define H1_ 26
  40          #define H2  27
  41          #define H2_ 28
  42          #define H3  29
  43          #define H4  30
  44          #define H4_ 31
  45          #define H5  32
  46          #define H5_ 33
  47          #define H6  34
  48          #define H6_ 35
  49          #define H7  36
  50          
  51          //Á¥¢Âºï‰∏éÈ¢ëÁéáÂØπÁÖßË°®
  52          unsigned int code FreqTable[]={
  53            0,
C51 COMPILER V9.60.0.0   MAIN                                                              03/19/2022 22:56:54 PAGE 2   

  54            63628,63731,63835,63928,64021,64103,64185,64260,64331,64400,64463,64528,
  55            64580,64633,64684,64732,64777,64820,64860,64898,64934,64968,65000,65030,
  56            65058,65085,65110,65134,65157,65178,65198,65217,65235,65252,65268,65283,
  57          };
  58          
  59          //‰πêË∞±
  60          unsigned int code Music[]={
  61            //Èü≥Á¨¶,Êó∂ÂÄº,
  62            
  63            //1
  64            M2, 2,
  65            L7, 2,
  66            M1, 2,
  67            L6, 2,
  68            M2, 2,
  69            L7, 2,
  70            M1, 2,
  71            L6, 2,
  72            
  73            M2, 2,
  74            L7, 2,
  75            M1, 2,
  76            L6, 2,
  77            M2, 2,
  78            L7, 2,
  79            M1, 2,
  80            L6, 2,
  81            
  82            //2
  83            M2, 2,
  84            L7, 2,
  85            M1, 2,
  86            L6, 2,
  87            M2, 2,
  88            L7, 2,
  89            M1, 2,
  90            L6, 2,
  91            
  92            M3, 4+4,
  93            P,  4,
  94            P,  1,
  95            M1, 1,
  96            M2, 1,
  97            M1, 1,
  98            
  99            M3, 4+4,
 100            P,  3,
 101            M1, 1,
 102            M2, 1,
 103            M1, 1,
 104            M2, 1,
 105            M3, 1,  
 106            
 107            L6, 3,
 108            M1, 1,
 109            L6, 3,
 110            M1, 1,
 111            L6, 3,
 112            M1, 1,
 113            M2, 2,
 114            M1, 2,
 115            
C51 COMPILER V9.60.0.0   MAIN                                                              03/19/2022 22:56:54 PAGE 3   

 116            //3
 117            L7, 8,
 118            P,  4,
 119            P,  4,
 120            
 121            M3, 4+4,
 122            P,  4,
 123            P,  1,
 124            M1, 1,
 125            M2, 1,
 126            M1, 1,
 127            
 128            M3, 4+4,
 129            P,  3,
 130            M1, 1,
 131            M2, 1,
 132            M1, 1,
 133            M2, 1,
 134            M3, 1,
 135            
 136            L6, 3,
 137            M1, 1,
 138            L6, 3,
 139            M1, 1,
 140            L6, 3,
 141            M1, 1,
 142            M3, 2,
 143            M2, 2,
 144            
 145            L7, 8,
 146            P,  4,
 147            P,  4,
 148            
 149            //4
 150            L6, 1,
 151            M1, 1,
 152            M6, 2,
 153            M6, 1,
 154            M6, 1,
 155            M6, 1,
 156            M5, 1,
 157            M6, 2,
 158            M6, 1,
 159            M5, 1,
 160            M6, 1,
 161            M5, 1,
 162            M6, 1,
 163            M5, 1,
 164            
 165            M3, 1,
 166            M3, 3,
 167            M3, 4,
 168            P,  4,
 169            P,  2,
 170            L6, 1,
 171            M1, 1,
 172          
 173            M6, 3,
 174            M6, 1,
 175            M6, 1,
 176            M5, 1,
 177            M6, 1,
C51 COMPILER V9.60.0.0   MAIN                                                              03/19/2022 22:56:54 PAGE 4   

 178            M5, 1,
 179            M7, 3,
 180            M7, 1,
 181            M7, 1,
 182            M6, 1,
 183            M7, 2,
 184            
 185            //5
 186            M7, 1,
 187            M6, 2,
 188            M3, 1,
 189            M3, 4,
 190            M3, 4,
 191            P,  1,
 192            M3, 1,
 193            M5, 1,
 194            M3, 1,
 195            
 196            M2, 3,
 197            M3, 1,
 198            M2, 3,
 199            M3, 1,
 200            M2, 3,
 201            M3, 1,
 202            M5, 1,
 203            M3, 1,
 204            M5, 1,
 205            M3, 1,
 206            
 207            M2, 3,
 208            M3, 1,
 209            M2, 3,
 210            M3, 1,
 211            M2, 4,
 212            P,  2,
 213            M1, 1,
 214            M2, 1,
 215            
 216            //6
 217            M3, 2,
 218            L6, 2,
 219            M1, 2,
 220            M3, 2,
 221            M2, 3,
 222            M3, 1,
 223            M2, 1,
 224            M1, 1,
 225            M1, 2,
 226            
 227            L6, 8,
 228            P,  4,
 229            P,  2,
 230            M6, 1,
 231            M7, 1,
 232            
 233            H1, 1,
 234            H2, 1,
 235            M7, 1,
 236            H1, 1,
 237            H1, 2,
 238            H1, 1,
 239            M7, 1,
C51 COMPILER V9.60.0.0   MAIN                                                              03/19/2022 22:56:54 PAGE 5   

 240            H1, 1,
 241            H2, 1,
 242            M7, 1,
 243            H1, 1,
 244            H1, 2,
 245            H1, 1,
 246            H2, 1,
 247            
 248            //7
 249            H3, 1,
 250            H2, 1,
 251            H3, 1,
 252            H2, 1,
 253            H3, 2,
 254            H3, 1,
 255            H2, 1,
 256            H3, 2,
 257            H5, 2,
 258            H3, 2,
 259            M6, 1,
 260            M7, 1,
 261            
 262            H1, 1,
 263            H2, 1,
 264            M7, 1,
 265            H1, 1,
 266            H1, 2,
 267            H1, 1,
 268            M7, 1,
 269            H1, 1,
 270            H2, 1,
 271            M7, 1,
 272            H1, 1,
 273            H1, 2,
 274            H1, 1,
 275            H2, 1,
 276            
 277            //8
 278            H3, 1,
 279            H2, 1,
 280            H3, 1,
 281            H2, 1,
 282            H3, 2,
 283            H3, 1,
 284            H2, 1,
 285            H3, 2,
 286            H5, 2,
 287            H3, 2,
 288            H5, 2,
 289            
 290            H3, 3,
 291            H5, 1,
 292            H3, 3,
 293            H5, 1,
 294            H3, 1,
 295            H5, 1,
 296            H6, 1,
 297            H3, 1,
 298            H5, 2,
 299            H5, 2,
 300            
 301            H3, 3,
C51 COMPILER V9.60.0.0   MAIN                                                              03/19/2022 22:56:54 PAGE 6   

 302            H5, 1,
 303            H3, 3,
 304            H5, 1,
 305            H3, 1,
 306            H5, 1,
 307            H6, 1,
 308            H3, 1,
 309            H5, 2,
 310            H5, 1,
 311            H5, 1,
 312            //9
 313            H3, 1,
 314            H2, 1,
 315            H2, 2,
 316            H2, 2,
 317            H1, 1,
 318            H3, 1,
 319            H3, 1,
 320            H2, 1,
 321            H2, 2,
 322            H2, 2,
 323            H1, 1,
 324            H1, 1,
 325            
 326            M6, 8,
 327            P,  4,
 328            P,  2,
 329            H5, 1,
 330            H5, 1,
 331            
 332            H3, 1,
 333            H2, 1,
 334            H2, 2,
 335            H2, 2,
 336            H1, 1,
 337            H3, 1,
 338            H3, 1,
 339            H2, 1,
 340            H2, 2,
 341            H2, 2,
 342            H1, 1,
 343            H1, 1,
 344            
 345            //10
 346            
 347            //11
 348            
 349            
 350            0xFF  //ÁªàÊ≠¢Ê†áÂøó
 351          };
 352          
 353          unsigned int FreqSelect,MusicSelect;
 354          
 355          void main()
 356          {
 357   1        Timer0Init();
 358   1        while(1)
 359   1        {
 360   2          if(Music[MusicSelect]!=0xFF)  //Â¶ÇÊûú‰∏çÊòØÂÅúÊ≠¢Ê†áÂøó‰Ωç
 361   2          {
 362   3            FreqSelect=Music[MusicSelect];  //ÈÄâÊã©Èü≥Á¨¶ÂØπÂ∫îÁöÑÈ¢ëÁéá
 363   3            MusicSelect++;
C51 COMPILER V9.60.0.0   MAIN                                                              03/19/2022 22:56:54 PAGE 7   

 364   3            Delay(SPEED/4*Music[MusicSelect]);  //ÈÄâÊã©Èü≥Á¨¶ÂØπÂ∫îÁöÑÊó∂ÂÄº
 365   3            MusicSelect++;
 366   3            TR0=0;
 367   3            Delay(5); //Èü≥Á¨¶Èó¥Áü≠ÊöÇÂÅúÈ°ø
 368   3            TR0=1;
 369   3          }
 370   2          else  //Â¶ÇÊûúÊòØÂÅúÊ≠¢Ê†áÂøó‰Ωç
 371   2          {
 372   3            TR0=0;
 373   3            while(1);
 374   3          }
 375   2        }
 376   1      }
 377          
 378          void Timer0_Routine() interrupt 1
 379          {
 380   1        if(FreqTable[FreqSelect]) //Â¶ÇÊûú‰∏çÊòØ‰ºëÊ≠¢Á¨¶
 381   1        {
 382   2          /*ÂèñÂØπÂ∫îÈ¢ëÁéáÂÄºÁöÑÈáçË£ÖËΩΩÂÄºÂà∞ÂÆöÊó∂Âô®*/
 383   2          TL0 = FreqTable[FreqSelect]%256;    //ËÆæÁΩÆÂÆöÊó∂ÂàùÂÄº
 384   2          TH0 = FreqTable[FreqSelect]/256;    //ËÆæÁΩÆÂÆöÊó∂ÂàùÂÄº
 385   2          Buzzer=!Buzzer; //ÁøªËΩ¨ËúÇÈ∏£Âô®IOÂè£
 386   2        }
 387   1      }


MODULE INFORMATION:   STATIC OVERLAYABLE
   CODE SIZE        =    183    ----
   CONSTANT SIZE    =   1060    ----
   XDATA SIZE       =   ----    ----
   PDATA SIZE       =   ----    ----
   DATA SIZE        =      4    ----
   IDATA SIZE       =   ----    ----
   BIT SIZE         =   ----    ----
END OF MODULE INFORMATION.


C51 COMPILATION COMPLETE.  0 WARNING(S),  0 ERROR(S)
